TN:
SF:src\database.ts
FNF:0
FNH:0
DA:1,5
DA:2,5
DA:3,5
DA:4,5
DA:7,5
DA:9,5
LF:6
LH:6
BRDA:12,0,0,5
BRDA:12,0,1,0
BRF:2
BRH:1
end_of_record
TN:
SF:src\index.ts
FN:41,(anonymous_1)
FN:49,(anonymous_2)
FN:52,(anonymous_3)
FN:63,(anonymous_4)
FNF:4
FNH:1
FNDA:0,(anonymous_1)
FNDA:4,(anonymous_2)
FNDA:0,(anonymous_3)
FNDA:0,(anonymous_4)
DA:1,5
DA:2,5
DA:3,5
DA:4,5
DA:5,5
DA:6,5
DA:7,5
DA:10,5
DA:12,5
DA:13,5
DA:14,5
DA:17,5
DA:35,5
DA:38,5
DA:41,5
DA:42,0
DA:48,5
DA:50,4
DA:52,0
DA:55,5
DA:58,5
DA:61,5
DA:62,0
DA:63,0
DA:64,0
DA:65,0
LF:26
LH:20
BRDA:61,0,0,0
BRDA:62,1,0,0
BRDA:62,1,1,0
BRF:3
BRH:0
end_of_record
TN:
SF:src\routes.ts
FNF:0
FNH:0
DA:1,5
DA:3,5
DA:4,5
DA:5,5
DA:6,5
DA:7,5
DA:10,5
DA:11,5
DA:12,5
DA:13,5
DA:14,5
DA:16,5
DA:54,5
DA:80,5
DA:123,5
DA:186,5
DA:229,5
DA:262,5
LF:18
LH:18
BRF:0
BRH:0
end_of_record
TN:
SF:src\controllers\tasks\createTask.ts
FN:5,(anonymous_7)
FN:8,(anonymous_8)
FNF:2
FNH:2
FNDA:6,(anonymous_7)
FNDA:6,(anonymous_8)
DA:2,5
DA:3,5
DA:5,5
DA:8,6
DA:9,6
DA:10,6
DA:13,6
DA:14,0
DA:15,0
DA:17,6
DA:20,6
DA:21,6
DA:22,6
DA:25,6
DA:28,6
DA:30,0
DA:31,0
LF:17
LH:13
BRDA:13,0,0,0
BRDA:13,1,0,6
BRDA:13,1,1,6
BRF:3
BRH:2
end_of_record
TN:
SF:src\controllers\tasks\deleteTask.ts
FN:5,(anonymous_7)
FN:8,(anonymous_8)
FNF:2
FNH:2
FNDA:1,(anonymous_7)
FNDA:1,(anonymous_8)
DA:2,5
DA:3,5
DA:5,5
DA:8,1
DA:9,1
DA:10,1
DA:13,1
DA:14,0
DA:15,0
DA:17,1
DA:20,1
DA:23,1
DA:24,0
DA:25,0
DA:29,1
DA:32,1
DA:34,0
DA:35,0
LF:18
LH:12
BRDA:13,0,0,0
BRDA:23,1,0,0
BRF:2
BRH:0
end_of_record
TN:
SF:src\controllers\tasks\getTasks.ts
FN:5,(anonymous_7)
FN:5,(anonymous_8)
FNF:2
FNH:2
FNDA:1,(anonymous_7)
FNDA:1,(anonymous_8)
DA:2,5
DA:3,5
DA:5,5
DA:6,1
DA:7,1
DA:10,1
DA:16,1
DA:18,0
DA:19,0
LF:9
LH:7
BRF:0
BRH:0
end_of_record
TN:
SF:src\controllers\tasks\markTaskAsDone.ts
FN:5,(anonymous_7)
FN:8,(anonymous_8)
FNF:2
FNH:2
FNDA:1,(anonymous_7)
FNDA:1,(anonymous_8)
DA:2,5
DA:3,5
DA:5,5
DA:8,1
DA:9,1
DA:10,1
DA:13,1
DA:14,0
DA:15,0
DA:18,1
DA:21,1
DA:24,1
DA:25,0
DA:26,0
DA:30,1
DA:33,1
DA:36,1
DA:38,0
DA:39,0
LF:19
LH:13
BRDA:13,0,0,0
BRDA:24,1,0,0
BRF:2
BRH:0
end_of_record
TN:
SF:src\controllers\tasks\updateTask.ts
FN:5,(anonymous_7)
FN:8,(anonymous_8)
FNF:2
FNH:2
FNDA:1,(anonymous_7)
FNDA:1,(anonymous_8)
DA:2,5
DA:3,5
DA:5,5
DA:8,1
DA:9,1
DA:10,1
DA:11,1
DA:14,1
DA:15,0
DA:16,0
DA:20,1
DA:21,0
DA:22,0
DA:25,1
DA:28,1
DA:31,1
DA:32,0
DA:33,0
DA:37,1
DA:38,1
DA:41,1
DA:44,1
DA:46,0
DA:47,0
LF:24
LH:16
BRDA:14,0,0,0
BRDA:20,1,0,0
BRDA:20,2,0,1
BRDA:20,2,1,1
BRDA:31,3,0,0
BRF:5
BRH:2
end_of_record
TN:
SF:src\entities\Task.ts
FNF:0
FNH:0
DA:1,5
DA:4,5
DA:6,5
DA:9,5
DA:12,5
DA:15,5
LF:6
LH:6
BRF:0
BRH:0
end_of_record
TN:
SF:src\validators\tasks\createTaskValidator.ts
FNF:0
FNH:0
DA:1,5
DA:3,5
LF:2
LH:2
BRF:0
BRH:0
end_of_record
TN:
SF:src\validators\tasks\deleteTaskValidator.ts
FNF:0
FNH:0
DA:1,5
DA:3,5
LF:2
LH:2
BRF:0
BRH:0
end_of_record
TN:
SF:src\validators\tasks\handleValidationErrors.ts
FN:4,(anonymous_0)
FNF:1
FNH:1
FNDA:13,(anonymous_0)
DA:1,5
DA:4,5
DA:9,13
DA:10,13
DA:12,3
DA:13,3
DA:15,10
LF:7
LH:7
BRDA:10,0,0,3
BRF:1
BRH:1
end_of_record
TN:
SF:src\validators\tasks\markTaskAsDoneValidator.ts
FNF:0
FNH:0
DA:1,5
DA:3,5
LF:2
LH:2
BRF:0
BRH:0
end_of_record
TN:
SF:src\validators\tasks\updateTaskValidator.ts
FNF:0
FNH:0
DA:1,5
DA:3,5
LF:2
LH:2
BRF:0
BRH:0
end_of_record
